<?xml version="1.0" encoding="UTF-8"?>
<!-- Generated by org.testng.reporters.JUnitXMLReporter -->
<testsuite hostname="Srikanth-PC" ignored="4" name="Default test" tests="2" failures="0" timestamp="24 Jan 2020 13:00:11 GMT" time="16.183" errors="0">
  <testcase name="testcreateCustomer" time="8.718" classname="com.TestScript.createCustomer"/>
  <testcase name="testCreateProject" time="1.897" classname="com.TestScript.createProject"/>
  <testcase name="@AfterTest closeBrowser" time="0.0" classname="com.TestScript.BaseClass1">
    <ignored/>
  </testcase> <!-- @AfterTest closeBrowser -->
  <testcase name="@AfterTest closeBrowser" time="0.0" classname="com.TestScript.BaseClass1">
    <ignored/>
  </testcase> <!-- @AfterTest closeBrowser -->
  <testcase name="@BeforeTest OpenBrowser" time="0.0" classname="com.TestScript.BaseClass1">
    <ignored/>
  </testcase> <!-- @BeforeTest OpenBrowser -->
  <testcase name="@BeforeTest OpenBrowser" time="0.0" classname="com.TestScript.BaseClass1">
    <ignored/>
  </testcase> <!-- @BeforeTest OpenBrowser -->
</testsuite> <!-- Default test -->
