<?xml version="1.0" encoding="UTF-8"?>
<!-- Generated by org.testng.reporters.JUnitXMLReporter -->
<testsuite hostname="Srikanth-PC" ignored="2" name="Test" tests="1" failures="0" timestamp="26 Jan 2020 12:55:41 GMT" time="13.382" errors="0">
  <testcase name="testcreateCustomer" time="3.877" classname="com.TestScript.createCustomer"/>
  <testcase name="@AfterTest closeBrowser" time="0.0" classname="com.TestScript.BaseClass1">
    <ignored/>
  </testcase> <!-- @AfterTest closeBrowser -->
  <testcase name="@BeforeTest OpenBrowser" time="0.0" classname="com.TestScript.BaseClass1">
    <ignored/>
  </testcase> <!-- @BeforeTest OpenBrowser -->
</testsuite> <!-- Test -->
